<?xml version="1.0" encoding="UTF-8"?>
<testng-results ignored="0" total="1" passed="1" failed="0" skipped="0">
  <reporter-output>
  </reporter-output>
  <suite started-at="2025-07-24T20:38:35 CEST" name="Quick" finished-at="2025-07-24T20:38:50 CEST" duration-ms="14529">
    <groups>
    </groups>
    <test started-at="2025-07-24T20:38:35 CEST" name="Quick" finished-at="2025-07-24T20:38:50 CEST" duration-ms="14529">
      <class name="org.nat.demoqa.tests.bookStore.LoginPageTests">
        <test-method is-config="true" signature="init()[pri:0, instance:org.nat.demoqa.tests.bookStore.LoginPageTests@48075da3]" started-at="2025-07-24T20:38:35 CEST" name="init" finished-at="2025-07-24T20:38:46 CEST" duration-ms="10216" status="PASS">
          <reporter-output>
          </reporter-output>
        </test-method> <!-- init -->
        <test-method is-config="true" signature="startLogger(java.lang.reflect.Method)[pri:0, instance:org.nat.demoqa.tests.bookStore.LoginPageTests@48075da3]" started-at="2025-07-24T20:38:46 CEST" name="startLogger" finished-at="2025-07-24T20:38:46 CEST" duration-ms="5" status="PASS">
          <params>
            <param index="0">
              <value>
                <![CDATA[public void org.nat.demoqa.tests.bookStore.LoginPageTests.loginPositiveTest()]]>
              </value>
            </param>
          </params>
          <reporter-output>
          </reporter-output>
        </test-method> <!-- startLogger -->
        <test-method is-config="true" signature="precondition()[pri:0, instance:org.nat.demoqa.tests.bookStore.LoginPageTests@48075da3]" started-at="2025-07-24T20:38:46 CEST" name="precondition" finished-at="2025-07-24T20:38:47 CEST" duration-ms="1281" status="PASS">
          <reporter-output>
          </reporter-output>
        </test-method> <!-- precondition -->
        <test-method signature="loginPositiveTest()[pri:0, instance:org.nat.demoqa.tests.bookStore.LoginPageTests@48075da3]" started-at="2025-07-24T20:38:47 CEST" name="loginPositiveTest" finished-at="2025-07-24T20:38:50 CEST" duration-ms="2919" status="PASS">
          <reporter-output>
          </reporter-output>
        </test-method> <!-- loginPositiveTest -->
      </class> <!-- org.nat.demoqa.tests.bookStore.LoginPageTests -->
    </test> <!-- Quick -->
  </suite> <!-- Quick -->
</testng-results>
